net0 198
begin
47 1 47 5
47 5 61 5
61 5 61 12
61 12 71 12
71 12 71 17
71 17 77 17
77 17 77 37
77 37 32 37
32 37 32 36
32 36 31 36
31 36 31 29
31 29 29 29
29 29 29 26
29 26 20 26
20 26 20 23
20 23 13 23
13 23 13 9
13 9 12 9
12 9 12 2
12 2 16 2
16 2 16 3
16 3 19 3
19 3 19 6
19 6 22 6
22 6 22 17
22 17 30 17
end
net1 44
begin
10 14 12 14
12 14 12 45
12 45 24 45
end
net2 52
begin
32 35 32 28
32 28 30 28
30 28 30 25
30 25 21 25
21 25 21 22
21 22 14 22
14 22 14 8
14 8 13 8
13 8 13 3
13 3 15 3
end
net3 18
begin
46 21 45 21
45 21 45 23
45 23 41 23
41 23 41 35
end
